INFO: [VRFC 10-2263] Analyzing SystemVerilog file "C:/Users/suprbludude/Downloads/CSCEA342_SudokuProject/sudoku/sudoku.srcs/sources_1/imports/CSCEA342_SudokuProject/top/clock_divider.sv" into library xil_defaultlib
INFO: [VRFC 10-311] analyzing module clock_divider
INFO: [VRFC 10-2263] Analyzing SystemVerilog file "C:/Users/suprbludude/Downloads/CSCEA342_SudokuProject/sudoku/sudoku.srcs/sources_1/imports/CSCEA342_SudokuProject/inputs_control/conditioner.sv" into library xil_defaultlib
INFO: [VRFC 10-311] analyzing module conditioner
INFO: [VRFC 10-2263] Analyzing SystemVerilog file "C:/Users/suprbludude/Downloads/CSCEA342_SudokuProject/sudoku/sudoku.srcs/sources_1/imports/CSCEA342_SudokuProject/visual_output/digit_font.sv" into library xil_defaultlib
INFO: [VRFC 10-311] analyzing module digit_font
INFO: [VRFC 10-2263] Analyzing SystemVerilog file "C:/Users/suprbludude/Downloads/CSCEA342_SudokuProject/sudoku/sudoku.srcs/sources_1/new/puzzle_rom.sv" into library xil_defaultlib
INFO: [VRFC 10-311] analyzing module puzzle_rom
INFO: [VRFC 10-2263] Analyzing SystemVerilog file "C:/Users/suprbludude/Downloads/CSCEA342_SudokuProject/sudoku/sudoku.srcs/sources_1/imports/CSCEA342_SudokuProject/game_logic_storage/ram.sv" into library xil_defaultlib
INFO: [VRFC 10-311] analyzing module ram
INFO: [VRFC 10-2263] Analyzing SystemVerilog file "C:/Users/suprbludude/Downloads/CSCEA342_SudokuProject/sudoku/sudoku.srcs/sources_1/imports/CSCEA342_SudokuProject/visual_output/sevenseg.sv" into library xil_defaultlib
INFO: [VRFC 10-311] analyzing module sevenseg
INFO: [VRFC 10-2263] Analyzing SystemVerilog file "C:/Users/suprbludude/Downloads/CSCEA342_SudokuProject/sudoku/sudoku.srcs/sources_1/imports/visual_output/sevenseg_sudoku.sv" into library xil_defaultlib
INFO: [VRFC 10-311] analyzing module sevenseg_sudoku
INFO: [VRFC 10-2263] Analyzing SystemVerilog file "C:/Users/suprbludude/Downloads/CSCEA342_SudokuProject/sudoku/sudoku.srcs/sources_1/new/shadow_register.sv" into library xil_defaultlib
INFO: [VRFC 10-311] analyzing module shadow_register
INFO: [VRFC 10-2263] Analyzing SystemVerilog file "C:/Users/suprbludude/Downloads/CSCEA342_SudokuProject/sudoku/sudoku.srcs/sources_1/new/sudoku_checker.sv" into library xil_defaultlib
INFO: [VRFC 10-311] analyzing module sudoku_checker
INFO: [VRFC 10-2263] Analyzing SystemVerilog file "C:/Users/suprbludude/Downloads/CSCEA342_SudokuProject/sudoku/sudoku.srcs/sources_1/imports/CSCEA342_SudokuProject/visual_output/sudoku_draw.sv" into library xil_defaultlib
INFO: [VRFC 10-311] analyzing module sudoku_draw
WARNING: [VRFC 10-3824] variable 'rel_x' must explicitly be declared as automatic or static [C:/Users/suprbludude/Downloads/CSCEA342_SudokuProject/sudoku/sudoku.srcs/sources_1/imports/CSCEA342_SudokuProject/visual_output/sudoku_draw.sv:94]
WARNING: [VRFC 10-3824] variable 'rel_y' must explicitly be declared as automatic or static [C:/Users/suprbludude/Downloads/CSCEA342_SudokuProject/sudoku/sudoku.srcs/sources_1/imports/CSCEA342_SudokuProject/visual_output/sudoku_draw.sv:95]
WARNING: [VRFC 10-3824] variable 'col' must explicitly be declared as automatic or static [C:/Users/suprbludude/Downloads/CSCEA342_SudokuProject/sudoku/sudoku.srcs/sources_1/imports/CSCEA342_SudokuProject/visual_output/sudoku_draw.sv:97]
WARNING: [VRFC 10-3824] variable 'row' must explicitly be declared as automatic or static [C:/Users/suprbludude/Downloads/CSCEA342_SudokuProject/sudoku/sudoku.srcs/sources_1/imports/CSCEA342_SudokuProject/visual_output/sudoku_draw.sv:98]
WARNING: [VRFC 10-3824] variable 'cell_x' must explicitly be declared as automatic or static [C:/Users/suprbludude/Downloads/CSCEA342_SudokuProject/sudoku/sudoku.srcs/sources_1/imports/CSCEA342_SudokuProject/visual_output/sudoku_draw.sv:128]
WARNING: [VRFC 10-3824] variable 'cell_y' must explicitly be declared as automatic or static [C:/Users/suprbludude/Downloads/CSCEA342_SudokuProject/sudoku/sudoku.srcs/sources_1/imports/CSCEA342_SudokuProject/visual_output/sudoku_draw.sv:129]
WARNING: [VRFC 10-3824] variable 'dx0' must explicitly be declared as automatic or static [C:/Users/suprbludude/Downloads/CSCEA342_SudokuProject/sudoku/sudoku.srcs/sources_1/imports/CSCEA342_SudokuProject/visual_output/sudoku_draw.sv:131]
WARNING: [VRFC 10-3824] variable 'dy0' must explicitly be declared as automatic or static [C:/Users/suprbludude/Downloads/CSCEA342_SudokuProject/sudoku/sudoku.srcs/sources_1/imports/CSCEA342_SudokuProject/visual_output/sudoku_draw.sv:132]
WARNING: [VRFC 10-3824] variable 'fx' must explicitly be declared as automatic or static [C:/Users/suprbludude/Downloads/CSCEA342_SudokuProject/sudoku/sudoku.srcs/sources_1/imports/CSCEA342_SudokuProject/visual_output/sudoku_draw.sv:137]
WARNING: [VRFC 10-3824] variable 'fy' must explicitly be declared as automatic or static [C:/Users/suprbludude/Downloads/CSCEA342_SudokuProject/sudoku/sudoku.srcs/sources_1/imports/CSCEA342_SudokuProject/visual_output/sudoku_draw.sv:138]
INFO: [VRFC 10-2263] Analyzing SystemVerilog file "C:/Users/suprbludude/Downloads/CSCEA342_SudokuProject/sudoku/sudoku.srcs/sources_1/imports/CSCEA342_SudokuProject/game_logic_storage/sudoku_engine.sv" into library xil_defaultlib
INFO: [VRFC 10-311] analyzing module sudoku_engine
INFO: [VRFC 10-2263] Analyzing SystemVerilog file "C:/Users/suprbludude/Downloads/CSCEA342_SudokuProject/sudoku/sudoku.srcs/sources_1/new/sudoku_gameplay.sv" into library xil_defaultlib
INFO: [VRFC 10-311] analyzing module sudoku_gameplay
INFO: [VRFC 10-2263] Analyzing SystemVerilog file "C:/Users/suprbludude/Downloads/CSCEA342_SudokuProject/sudoku/sudoku.srcs/sources_1/new/sudoku_loader.sv" into library xil_defaultlib
INFO: [VRFC 10-311] analyzing module sudoku_loader
INFO: [VRFC 10-2263] Analyzing SystemVerilog file "C:/Users/suprbludude/Downloads/CSCEA342_SudokuProject/sudoku/sudoku.srcs/sources_1/imports/CSCEA342_SudokuProject/visual_output/vga_controller.sv" into library xil_defaultlib
INFO: [VRFC 10-311] analyzing module vga_controller
INFO: [VRFC 10-2263] Analyzing SystemVerilog file "C:/Users/suprbludude/Downloads/CSCEA342_SudokuProject/sudoku/sudoku.srcs/sources_1/imports/CSCEA342_SudokuProject/top/top.sv" into library xil_defaultlib
INFO: [VRFC 10-311] analyzing module top
