Vivado Simulator v2025.1.0
Copyright 1986-2022 Xilinx, Inc. All Rights Reserved.
Copyright 2022-2025 Advanced Micro Devices, Inc. All Rights Reserved.
Running: H:/Constantine/Work/School/2025.1/Vivado/bin/unwrapped/win64.o/xelab.exe --incr --debug typical --relax --mt 2 -L xil_defaultlib -L uvm -L unisims_ver -L unimacro_ver -L secureip --snapshot sudoku_top_behav xil_defaultlib.sudoku_top xil_defaultlib.glbl -log elaborate.log 
Using 2 slave threads.
Starting static elaboration
Pass Through NonSizing Optimizer
Completed static elaboration
Starting simulation data flow analysis
WARNING: [XSIM 43-4100] "C:/Users/suprbludude/Downloads/CSCEA342_SudokuProject/keyboardModule/keyboardModule.sim/sim_1/behav/xsim/glbl.v" Line 6. Module glbl has a timescale but at least one module in design doesn't have timescale.
WARNING: [XSIM 43-4100] "C:/Users/suprbludude/Downloads/CSCEA342_SudokuProject/keyboardModule/keyboardModule.sim/sim_1/behav/xsim/glbl.v" Line 6. Module glbl has a timescale but at least one module in design doesn't have timescale.
Completed simulation data flow analysis
Time Resolution for simulation is 1ps
Compiling module xil_defaultlib.ps2_host
Compiling module xil_defaultlib.keyboard_parser
Compiling module xil_defaultlib.sudoku_engine
Compiling module xil_defaultlib.seven_segment_display
Compiling module xil_defaultlib.sudoku_top
Compiling module xil_defaultlib.glbl
Built simulation snapshot sudoku_top_behav
