
*** Running vivado
    with args -log top.vds -m64 -product Vivado -mode batch -messageDb vivado.pb -notrace -source top.tcl



****** Vivado v2025.1 (64-bit)
  **** SW Build 6140274 on Thu May 22 00:12:29 MDT 2025
  **** IP Build 6138677 on Thu May 22 03:10:11 MDT 2025
  **** SharedData Build 6139179 on Tue May 20 17:58:58 MDT 2025
  **** Start of session at: Mon Dec  1 22:22:42 2025
    ** Copyright 1986-2022 Xilinx, Inc. All Rights Reserved.
    ** Copyright 2022-2025 Advanced Micro Devices, Inc. All Rights Reserved.

source top.tcl -notrace
create_project: Time (s): cpu = 00:00:11 ; elapsed = 00:00:09 . Memory (MB): peak = 491.824 ; gain = 210.316
Command: read_checkpoint -auto_incremental -incremental C:/Users/suprbludude/Downloads/CSCEA342_SudokuProject/sudoku/sudoku.srcs/utils_1/imports/synth_1/top.dcp
INFO: [Vivado 12-5825] Read reference checkpoint from C:/Users/suprbludude/Downloads/CSCEA342_SudokuProject/sudoku/sudoku.srcs/utils_1/imports/synth_1/top.dcp for incremental synthesis
INFO: [Vivado 12-7989] Please ensure there are no constraint changes
Command: synth_design -top top -part xc7a35ticpg236-1L
Starting synth_design
Attempting to get a license for feature 'Synthesis' and/or device 'xc7a35ti'
INFO: [Common 17-349] Got license for feature 'Synthesis' and/or device 'xc7a35ti'
INFO: [Device 21-403] Loading part xc7a35ticpg236-1L
INFO: [Designutils 20-5440] No compile time benefit to using incremental synthesis; A full resynthesis will be run
INFO: [Designutils 20-4379] Flow is switching to default flow due to incremental criteria not met. If you would like to alter this behaviour and have the flow terminate instead, please set the following parameter config_implementation {autoIncr.Synth.RejectBehavior Terminate}
INFO: [Synth 8-7079] Multithreading enabled for synth_design using a maximum of 2 processes.
INFO: [Synth 8-7078] Launching helper process for spawning children vivado processes
INFO: [Synth 8-7075] Helper process launched with PID 96236
---------------------------------------------------------------------------------
Starting RTL Elaboration : Time (s): cpu = 00:00:06 ; elapsed = 00:00:07 . Memory (MB): peak = 1181.418 ; gain = 494.559
---------------------------------------------------------------------------------
WARNING: [Synth 8-10180] variable 'rel_x' must explicitly be declared as automatic or static [C:/Users/suprbludude/Downloads/CSCEA342_SudokuProject/sudoku/sudoku.srcs/sources_1/imports/CSCEA342_SudokuProject/visual_output/sudoku_draw.sv:94]
WARNING: [Synth 8-10180] variable 'rel_y' must explicitly be declared as automatic or static [C:/Users/suprbludude/Downloads/CSCEA342_SudokuProject/sudoku/sudoku.srcs/sources_1/imports/CSCEA342_SudokuProject/visual_output/sudoku_draw.sv:95]
WARNING: [Synth 8-10180] variable 'col' must explicitly be declared as automatic or static [C:/Users/suprbludude/Downloads/CSCEA342_SudokuProject/sudoku/sudoku.srcs/sources_1/imports/CSCEA342_SudokuProject/visual_output/sudoku_draw.sv:97]
WARNING: [Synth 8-10180] variable 'row' must explicitly be declared as automatic or static [C:/Users/suprbludude/Downloads/CSCEA342_SudokuProject/sudoku/sudoku.srcs/sources_1/imports/CSCEA342_SudokuProject/visual_output/sudoku_draw.sv:98]
WARNING: [Synth 8-10180] variable 'cell_x' must explicitly be declared as automatic or static [C:/Users/suprbludude/Downloads/CSCEA342_SudokuProject/sudoku/sudoku.srcs/sources_1/imports/CSCEA342_SudokuProject/visual_output/sudoku_draw.sv:128]
WARNING: [Synth 8-10180] variable 'cell_y' must explicitly be declared as automatic or static [C:/Users/suprbludude/Downloads/CSCEA342_SudokuProject/sudoku/sudoku.srcs/sources_1/imports/CSCEA342_SudokuProject/visual_output/sudoku_draw.sv:129]
WARNING: [Synth 8-10180] variable 'dx0' must explicitly be declared as automatic or static [C:/Users/suprbludude/Downloads/CSCEA342_SudokuProject/sudoku/sudoku.srcs/sources_1/imports/CSCEA342_SudokuProject/visual_output/sudoku_draw.sv:131]
WARNING: [Synth 8-10180] variable 'dy0' must explicitly be declared as automatic or static [C:/Users/suprbludude/Downloads/CSCEA342_SudokuProject/sudoku/sudoku.srcs/sources_1/imports/CSCEA342_SudokuProject/visual_output/sudoku_draw.sv:132]
WARNING: [Synth 8-10180] variable 'fx' must explicitly be declared as automatic or static [C:/Users/suprbludude/Downloads/CSCEA342_SudokuProject/sudoku/sudoku.srcs/sources_1/imports/CSCEA342_SudokuProject/visual_output/sudoku_draw.sv:137]
WARNING: [Synth 8-10180] variable 'fy' must explicitly be declared as automatic or static [C:/Users/suprbludude/Downloads/CSCEA342_SudokuProject/sudoku/sudoku.srcs/sources_1/imports/CSCEA342_SudokuProject/visual_output/sudoku_draw.sv:138]
INFO: [Synth 8-6157] synthesizing module 'top' [C:/Users/suprbludude/Downloads/CSCEA342_SudokuProject/sudoku/sudoku.srcs/sources_1/imports/CSCEA342_SudokuProject/top/top.sv:10]
INFO: [Synth 8-6157] synthesizing module 'clock_divider' [C:/Users/suprbludude/Downloads/CSCEA342_SudokuProject/sudoku/sudoku.srcs/sources_1/imports/CSCEA342_SudokuProject/top/clock_divider.sv:14]
INFO: [Synth 8-6155] done synthesizing module 'clock_divider' (0#1) [C:/Users/suprbludude/Downloads/CSCEA342_SudokuProject/sudoku/sudoku.srcs/sources_1/imports/CSCEA342_SudokuProject/top/clock_divider.sv:14]
INFO: [Synth 8-6157] synthesizing module 'vga_controller' [C:/Users/suprbludude/Downloads/CSCEA342_SudokuProject/sudoku/sudoku.srcs/sources_1/imports/CSCEA342_SudokuProject/visual_output/vga_controller.sv:13]
INFO: [Synth 8-6155] done synthesizing module 'vga_controller' (0#1) [C:/Users/suprbludude/Downloads/CSCEA342_SudokuProject/sudoku/sudoku.srcs/sources_1/imports/CSCEA342_SudokuProject/visual_output/vga_controller.sv:13]
INFO: [Synth 8-6157] synthesizing module 'conditioner' [C:/Users/suprbludude/Downloads/CSCEA342_SudokuProject/sudoku/sudoku.srcs/sources_1/imports/CSCEA342_SudokuProject/inputs_control/conditioner.sv:7]
INFO: [Synth 8-6155] done synthesizing module 'conditioner' (0#1) [C:/Users/suprbludude/Downloads/CSCEA342_SudokuProject/sudoku/sudoku.srcs/sources_1/imports/CSCEA342_SudokuProject/inputs_control/conditioner.sv:7]
INFO: [Synth 8-6157] synthesizing module 'sudoku_engine' [C:/Users/suprbludude/Downloads/CSCEA342_SudokuProject/sudoku/sudoku.srcs/sources_1/imports/CSCEA342_SudokuProject/game_logic_storage/sudoku_engine.sv:11]
INFO: [Synth 8-6157] synthesizing module 'ram' [C:/Users/suprbludude/Downloads/CSCEA342_SudokuProject/sudoku/sudoku.srcs/sources_1/imports/CSCEA342_SudokuProject/game_logic_storage/ram.sv:1]
	Parameter N bound to: 7 - type: integer 
	Parameter M bound to: 4 - type: integer 
INFO: [Synth 8-6155] done synthesizing module 'ram' (0#1) [C:/Users/suprbludude/Downloads/CSCEA342_SudokuProject/sudoku/sudoku.srcs/sources_1/imports/CSCEA342_SudokuProject/game_logic_storage/ram.sv:1]
INFO: [Synth 8-6157] synthesizing module 'ram__parameterized0' [C:/Users/suprbludude/Downloads/CSCEA342_SudokuProject/sudoku/sudoku.srcs/sources_1/imports/CSCEA342_SudokuProject/game_logic_storage/ram.sv:1]
	Parameter N bound to: 7 - type: integer 
	Parameter M bound to: 1 - type: integer 
INFO: [Synth 8-6155] done synthesizing module 'ram__parameterized0' (0#1) [C:/Users/suprbludude/Downloads/CSCEA342_SudokuProject/sudoku/sudoku.srcs/sources_1/imports/CSCEA342_SudokuProject/game_logic_storage/ram.sv:1]
INFO: [Synth 8-6157] synthesizing module 'shadow_register' [C:/Users/suprbludude/Downloads/CSCEA342_SudokuProject/sudoku/sudoku.srcs/sources_1/new/shadow_register.sv:11]
INFO: [Synth 8-6155] done synthesizing module 'shadow_register' (0#1) [C:/Users/suprbludude/Downloads/CSCEA342_SudokuProject/sudoku/sudoku.srcs/sources_1/new/shadow_register.sv:11]
INFO: [Synth 8-6157] synthesizing module 'sudoku_loader' [C:/Users/suprbludude/Downloads/CSCEA342_SudokuProject/sudoku/sudoku.srcs/sources_1/new/sudoku_loader.sv:10]
INFO: [Synth 8-6157] synthesizing module 'puzzle_rom' [C:/Users/suprbludude/Downloads/CSCEA342_SudokuProject/sudoku/sudoku.srcs/sources_1/new/puzzle_rom.sv:10]
CRITICAL WARNING: [Synth 8-4445] could not open $readmem data file 'puzzles.mem'; please make sure the file is added to project and has read permission, ignoring [C:/Users/suprbludude/Downloads/CSCEA342_SudokuProject/sudoku/sudoku.srcs/sources_1/new/puzzle_rom.sv:21]
INFO: [Synth 8-6155] done synthesizing module 'puzzle_rom' (0#1) [C:/Users/suprbludude/Downloads/CSCEA342_SudokuProject/sudoku/sudoku.srcs/sources_1/new/puzzle_rom.sv:10]
INFO: [Synth 8-226] default block is never used [C:/Users/suprbludude/Downloads/CSCEA342_SudokuProject/sudoku/sudoku.srcs/sources_1/new/sudoku_loader.sv:76]
INFO: [Synth 8-6155] done synthesizing module 'sudoku_loader' (0#1) [C:/Users/suprbludude/Downloads/CSCEA342_SudokuProject/sudoku/sudoku.srcs/sources_1/new/sudoku_loader.sv:10]
INFO: [Synth 8-6157] synthesizing module 'sudoku_gameplay' [C:/Users/suprbludude/Downloads/CSCEA342_SudokuProject/sudoku/sudoku.srcs/sources_1/new/sudoku_gameplay.sv:10]
INFO: [Synth 8-6155] done synthesizing module 'sudoku_gameplay' (0#1) [C:/Users/suprbludude/Downloads/CSCEA342_SudokuProject/sudoku/sudoku.srcs/sources_1/new/sudoku_gameplay.sv:10]
INFO: [Synth 8-6157] synthesizing module 'sudoku_checker' [C:/Users/suprbludude/Downloads/CSCEA342_SudokuProject/sudoku/sudoku.srcs/sources_1/new/sudoku_checker.sv:10]
INFO: [Synth 8-6155] done synthesizing module 'sudoku_checker' (0#1) [C:/Users/suprbludude/Downloads/CSCEA342_SudokuProject/sudoku/sudoku.srcs/sources_1/new/sudoku_checker.sv:10]
INFO: [Synth 8-6155] done synthesizing module 'sudoku_engine' (0#1) [C:/Users/suprbludude/Downloads/CSCEA342_SudokuProject/sudoku/sudoku.srcs/sources_1/imports/CSCEA342_SudokuProject/game_logic_storage/sudoku_engine.sv:11]
INFO: [Synth 8-6157] synthesizing module 'sudoku_draw' [C:/Users/suprbludude/Downloads/CSCEA342_SudokuProject/sudoku/sudoku.srcs/sources_1/imports/CSCEA342_SudokuProject/visual_output/sudoku_draw.sv:10]
INFO: [Synth 8-6157] synthesizing module 'digit_font' [C:/Users/suprbludude/Downloads/CSCEA342_SudokuProject/sudoku/sudoku.srcs/sources_1/imports/CSCEA342_SudokuProject/visual_output/digit_font.sv:12]
INFO: [Synth 8-6155] done synthesizing module 'digit_font' (0#1) [C:/Users/suprbludude/Downloads/CSCEA342_SudokuProject/sudoku/sudoku.srcs/sources_1/imports/CSCEA342_SudokuProject/visual_output/digit_font.sv:12]
INFO: [Synth 8-6155] done synthesizing module 'sudoku_draw' (0#1) [C:/Users/suprbludude/Downloads/CSCEA342_SudokuProject/sudoku/sudoku.srcs/sources_1/imports/CSCEA342_SudokuProject/visual_output/sudoku_draw.sv:10]
INFO: [Synth 8-6157] synthesizing module 'sevenseg_sudoku' [C:/Users/suprbludude/Downloads/CSCEA342_SudokuProject/sudoku/sudoku.srcs/sources_1/imports/visual_output/sevenseg_sudoku.sv:11]
INFO: [Synth 8-6157] synthesizing module 'sevenseg' [C:/Users/suprbludude/Downloads/CSCEA342_SudokuProject/sudoku/sudoku.srcs/sources_1/imports/CSCEA342_SudokuProject/visual_output/sevenseg.sv:8]
INFO: [Synth 8-6155] done synthesizing module 'sevenseg' (0#1) [C:/Users/suprbludude/Downloads/CSCEA342_SudokuProject/sudoku/sudoku.srcs/sources_1/imports/CSCEA342_SudokuProject/visual_output/sevenseg.sv:8]
INFO: [Synth 8-6155] done synthesizing module 'sevenseg_sudoku' (0#1) [C:/Users/suprbludude/Downloads/CSCEA342_SudokuProject/sudoku/sudoku.srcs/sources_1/imports/visual_output/sevenseg_sudoku.sv:11]
INFO: [Synth 8-6155] done synthesizing module 'top' (0#1) [C:/Users/suprbludude/Downloads/CSCEA342_SudokuProject/sudoku/sudoku.srcs/sources_1/imports/CSCEA342_SudokuProject/top/top.sv:10]
WARNING: [Synth 8-3848] Net puzzle_data in module/entity puzzle_rom does not have driver. [C:/Users/suprbludude/Downloads/CSCEA342_SudokuProject/sudoku/sudoku.srcs/sources_1/new/puzzle_rom.sv:18]
WARNING: [Synth 8-87] always_comb on 'digit_value_reg' did not result in combinational logic [C:/Users/suprbludude/Downloads/CSCEA342_SudokuProject/sudoku/sudoku.srcs/sources_1/imports/CSCEA342_SudokuProject/visual_output/sudoku_draw.sv:65]
WARNING: [Synth 8-87] always_comb on 'font_row_reg' did not result in combinational logic [C:/Users/suprbludude/Downloads/CSCEA342_SudokuProject/sudoku/sudoku.srcs/sources_1/imports/CSCEA342_SudokuProject/visual_output/sudoku_draw.sv:66]
WARNING: [Synth 8-7129] Port puzzle_selector[1] in module puzzle_rom is either unconnected or has no load
WARNING: [Synth 8-7129] Port puzzle_selector[0] in module puzzle_rom is either unconnected or has no load
WARNING: [Synth 8-7129] Port sw[15] in module top is either unconnected or has no load
WARNING: [Synth 8-7129] Port sw[14] in module top is either unconnected or has no load
WARNING: [Synth 8-7129] Port sw[13] in module top is either unconnected or has no load
WARNING: [Synth 8-7129] Port sw[12] in module top is either unconnected or has no load
WARNING: [Synth 8-7129] Port sw[11] in module top is either unconnected or has no load
WARNING: [Synth 8-7129] Port sw[10] in module top is either unconnected or has no load
WARNING: [Synth 8-7129] Port sw[9] in module top is either unconnected or has no load
WARNING: [Synth 8-7129] Port sw[8] in module top is either unconnected or has no load
WARNING: [Synth 8-7129] Port sw[7] in module top is either unconnected or has no load
WARNING: [Synth 8-7129] Port sw[6] in module top is either unconnected or has no load
WARNING: [Synth 8-7129] Port sw[5] in module top is either unconnected or has no load
WARNING: [Synth 8-7129] Port sw[4] in module top is either unconnected or has no load
WARNING: [Synth 8-7129] Port sw[3] in module top is either unconnected or has no load
---------------------------------------------------------------------------------
Finished RTL Elaboration : Time (s): cpu = 00:00:10 ; elapsed = 00:00:11 . Memory (MB): peak = 1338.785 ; gain = 651.926
---------------------------------------------------------------------------------
---------------------------------------------------------------------------------
Start Handling Custom Attributes
---------------------------------------------------------------------------------
---------------------------------------------------------------------------------
Finished Handling Custom Attributes : Time (s): cpu = 00:00:10 ; elapsed = 00:00:11 . Memory (MB): peak = 1338.785 ; gain = 651.926
---------------------------------------------------------------------------------
---------------------------------------------------------------------------------
Finished RTL Optimization Phase 1 : Time (s): cpu = 00:00:10 ; elapsed = 00:00:11 . Memory (MB): peak = 1338.785 ; gain = 651.926
---------------------------------------------------------------------------------
Netlist sorting complete. Time (s): cpu = 00:00:00 ; elapsed = 00:00:00.036 . Memory (MB): peak = 1338.785 ; gain = 0.000
INFO: [Project 1-570] Preparing netlist for logic optimization

Processing XDC Constraints
Initializing timing engine
Parsing XDC File [C:/Users/suprbludude/Downloads/CSCEA342_SudokuProject/sudoku/sudoku.srcs/constrs_1/imports/test_benches/Basys3_Master.xdc]
Finished Parsing XDC File [C:/Users/suprbludude/Downloads/CSCEA342_SudokuProject/sudoku/sudoku.srcs/constrs_1/imports/test_benches/Basys3_Master.xdc]
INFO: [Project 1-236] Implementation specific constraints were found while reading constraint file [C:/Users/suprbludude/Downloads/CSCEA342_SudokuProject/sudoku/sudoku.srcs/constrs_1/imports/test_benches/Basys3_Master.xdc]. These constraints will be ignored for synthesis but will be used in implementation. Impacted constraints are listed in the file [.Xil/top_propImpl.xdc].
Resolution: To avoid this warning, move constraints listed in [.Xil/top_propImpl.xdc] to another XDC file and exclude this new file from synthesis with the used_in_synthesis property (File Properties dialog in GUI) and re-run elaboration/synthesis.
Completed Processing XDC Constraints

Netlist sorting complete. Time (s): cpu = 00:00:00 ; elapsed = 00:00:00.001 . Memory (MB): peak = 1382.652 ; gain = 0.000
INFO: [Project 1-111] Unisim Transformation Summary:
No Unisim elements were transformed.

Constraint Validation Runtime : Time (s): cpu = 00:00:00 ; elapsed = 00:00:00.011 . Memory (MB): peak = 1382.652 ; gain = 0.000
INFO: [Designutils 20-5440] No compile time benefit to using incremental synthesis; A full resynthesis will be run
INFO: [Designutils 20-4379] Flow is switching to default flow due to incremental criteria not met. If you would like to alter this behaviour and have the flow terminate instead, please set the following parameter config_implementation {autoIncr.Synth.RejectBehavior Terminate}
---------------------------------------------------------------------------------
Finished Constraint Validation : Time (s): cpu = 00:00:20 ; elapsed = 00:00:22 . Memory (MB): peak = 1382.652 ; gain = 695.793
---------------------------------------------------------------------------------
---------------------------------------------------------------------------------
Start Loading Part and Timing Information
---------------------------------------------------------------------------------
Loading part: xc7a35ticpg236-1L
---------------------------------------------------------------------------------
Finished Loading Part and Timing Information : Time (s): cpu = 00:00:20 ; elapsed = 00:00:22 . Memory (MB): peak = 1382.652 ; gain = 695.793
---------------------------------------------------------------------------------
---------------------------------------------------------------------------------
Start Applying 'set_property' XDC Constraints
---------------------------------------------------------------------------------
---------------------------------------------------------------------------------
Finished applying 'set_property' XDC Constraints : Time (s): cpu = 00:00:20 ; elapsed = 00:00:22 . Memory (MB): peak = 1382.652 ; gain = 695.793
---------------------------------------------------------------------------------
INFO: [Synth 8-802] inferred FSM for state register 'state_reg' in module 'sudoku_loader'
INFO: [Synth 8-802] inferred FSM for state register 'state_reg' in module 'sudoku_checker'
INFO: [Synth 8-802] inferred FSM for state register 'state_reg' in module 'sudoku_engine'
---------------------------------------------------------------------------------------------------
                   State |                     New Encoding |                Previous Encoding 
---------------------------------------------------------------------------------------------------
                  S_IDLE |                             0001 |                               00
             S_LOAD_INIT |                             0010 |                               01
              S_LOAD_SOL |                             0100 |                               10
                  S_DONE |                             1000 |                               11
---------------------------------------------------------------------------------------------------
INFO: [Synth 8-3354] encoded FSM with state register 'state_reg' using encoding 'one-hot' in module 'sudoku_loader'
---------------------------------------------------------------------------------------------------
                   State |                     New Encoding |                Previous Encoding 
---------------------------------------------------------------------------------------------------
                  S_IDLE |                              001 |                               00
                 S_CHECK |                              010 |                               01
                  S_DONE |                              100 |                               10
---------------------------------------------------------------------------------------------------
INFO: [Synth 8-3354] encoded FSM with state register 'state_reg' using encoding 'one-hot' in module 'sudoku_checker'
---------------------------------------------------------------------------------------------------
                   State |                     New Encoding |                Previous Encoding 
---------------------------------------------------------------------------------------------------
               S_LOADING |                              001 |                               00
                  S_PLAY |                              010 |                               01
              S_CHECKING |                              100 |                               10
---------------------------------------------------------------------------------------------------
INFO: [Synth 8-3354] encoded FSM with state register 'state_reg' using encoding 'one-hot' in module 'sudoku_engine'
WARNING: [Synth 8-327] inferring latch for variable 'digit_value_reg' [C:/Users/suprbludude/Downloads/CSCEA342_SudokuProject/sudoku/sudoku.srcs/sources_1/imports/CSCEA342_SudokuProject/visual_output/sudoku_draw.sv:65]
WARNING: [Synth 8-327] inferring latch for variable 'font_row_reg' [C:/Users/suprbludude/Downloads/CSCEA342_SudokuProject/sudoku/sudoku.srcs/sources_1/imports/CSCEA342_SudokuProject/visual_output/sudoku_draw.sv:66]
---------------------------------------------------------------------------------
Finished RTL Optimization Phase 2 : Time (s): cpu = 00:00:22 ; elapsed = 00:00:24 . Memory (MB): peak = 1382.652 ; gain = 695.793
---------------------------------------------------------------------------------
---------------------------------------------------------------------------------
Start RTL Component Statistics 
---------------------------------------------------------------------------------
Detailed RTL Component Info : 
+---Adders : 
	   2 Input   32 Bit       Adders := 10    
	   3 Input   32 Bit       Adders := 2     
	   2 Input   10 Bit       Adders := 2     
	   2 Input    7 Bit       Adders := 2     
	   2 Input    4 Bit       Adders := 7     
	   2 Input    2 Bit       Adders := 1     
+---Registers : 
	               10 Bit    Registers := 2     
	                7 Bit    Registers := 2     
	                4 Bit    Registers := 87    
	                2 Bit    Registers := 1     
	                1 Bit    Registers := 114   
+---Multipliers : 
	               7x32  Multipliers := 2     
+---Muxes : 
	   2 Input   32 Bit        Muxes := 6     
	   2 Input   10 Bit        Muxes := 2     
	  13 Input    8 Bit        Muxes := 5     
	   4 Input    7 Bit        Muxes := 1     
	   3 Input    7 Bit        Muxes := 5     
	  13 Input    6 Bit        Muxes := 1     
	   3 Input    4 Bit        Muxes := 5     
	   2 Input    4 Bit        Muxes := 25    
	   7 Input    4 Bit        Muxes := 3     
	   4 Input    4 Bit        Muxes := 2     
	   3 Input    3 Bit        Muxes := 1     
	   4 Input    2 Bit        Muxes := 1     
	   3 Input    1 Bit        Muxes := 15    
	   4 Input    1 Bit        Muxes := 3     
	   2 Input    1 Bit        Muxes := 8     
---------------------------------------------------------------------------------
Finished RTL Component Statistics 
---------------------------------------------------------------------------------
---------------------------------------------------------------------------------
Start Part Resource Summary
---------------------------------------------------------------------------------
Part Resources:
DSPs: 90 (col length:60)
BRAMs: 100 (col length: RAMB18 60 RAMB36 30)
---------------------------------------------------------------------------------
Finished Part Resource Summary
---------------------------------------------------------------------------------
---------------------------------------------------------------------------------
Start Cross Boundary and Area Optimization
---------------------------------------------------------------------------------
WARNING: [Synth 8-7080] Parallel synthesis criteria is not met
